# JRE version: Java(TM) SE Runtime Environment (7.0_51-b13) (build 1.7.0_51-b13)
# Java VM: Java HotSpot(TM) 64-Bit Server VM (24.51-b03 mixed mode linux-amd64 compressed oops)
Heap
 PSYoungGen      total 73216K, used 72909K [0x00000007ae800000, 0x00000007b7700000, 0x0000000800000000)
  eden space 62976K, 99% used [0x00000007ae800000,0x00000007b25383a8,0x00000007b2580000)
  from space 10240K, 99% used [0x00000007b2580000,0x00000007b2f7b0b0,0x00000007b2f80000)
  to   space 10240K, 99% used [0x00000007b6d00000,0x00000007b76fc060,0x00000007b7700000)
 ParOldGen       total 166912K, used 33343K [0x000000070b800000, 0x0000000715b00000, 0x00000007ae800000)
  object space 166912K, 19% used [0x000000070b800000,0x000000070d88ffd0,0x0000000715b00000)
 PSPermGen       total 21504K, used 6037K [0x0000000706600000, 0x0000000707b00000, 0x000000070b800000)
  object space 21504K, 28% used [0x0000000706600000,0x0000000706be55c0,0x0000000707b00000)
GC Heap History (3 events):
Event: 0.680 GC heap before
{Heap before GC invocations=1 (full 0):
 PSYoungGen      total 73216K, used 54806K [0x00000007ae800000, 0x00000007b3980000, 0x0000000800000000)
  eden space 62976K, 87% used [0x00000007ae800000,0x00000007b1d85b70,0x00000007b2580000)
  from space 10240K, 0% used [0x00000007b2f80000,0x00000007b2f80000,0x00000007b3980000)
  to   space 10240K, 0% used [0x00000007b2580000,0x00000007b2580000,0x00000007b2f80000)
 ParOldGen       total 166912K, used 0K [0x000000070b800000, 0x0000000715b00000, 0x00000007ae800000)
  object space 166912K, 0% used [0x000000070b800000,0x000000070b800000,0x0000000715b00000)
 PSPermGen       total 21504K, used 6029K [0x0000000706600000, 0x0000000707b00000, 0x000000070b800000)
  object space 21504K, 28% used [0x0000000706600000,0x0000000706be34b8,0x0000000707b00000)
Event: 0.696 GC heap after
Heap after GC invocations=1 (full 0):
 PSYoungGen      total 73216K, used 10220K [0x00000007ae800000, 0x00000007b7700000, 0x0000000800000000)
  eden space 62976K, 0% used [0x00000007ae800000,0x00000007ae800000,0x00000007b2580000)
  from space 10240K, 99% used [0x00000007b2580000,0x00000007b2f7b0b0,0x00000007b2f80000)
  to   space 10240K, 0% used [0x00000007b6d00000,0x00000007b6d00000,0x00000007b7700000)
 ParOldGen       total 166912K, used 26572K [0x000000070b800000, 0x0000000715b00000, 0x00000007ae800000)
  object space 166912K, 15% used [0x000000070b800000,0x000000070d1f3160,0x0000000715b00000)
 PSPermGen       total 21504K, used 6029K [0x0000000706600000, 0x0000000707b00000, 0x000000070b800000)
  object space 21504K, 28% used [0x0000000706600000,0x0000000706be34b8,0x0000000707b00000)
}
Event: 1.474 GC heap before
{Heap before GC invocations=2 (full 0):
 PSYoungGen      total 73216K, used 72909K [0x00000007ae800000, 0x00000007b7700000, 0x0000000800000000)
  eden space 62976K, 99% used [0x00000007ae800000,0x00000007b25383a8,0x00000007b2580000)
  from space 10240K, 99% used [0x00000007b2580000,0x00000007b2f7b0b0,0x00000007b2f80000)
  to   space 10240K, 0% used [0x00000007b6d00000,0x00000007b6d00000,0x00000007b7700000)
 ParOldGen       total 166912K, used 26572K [0x000000070b800000, 0x0000000715b00000, 0x00000007ae800000)
  object space 166912K, 15% used [0x000000070b800000,0x000000070d1f3160,0x0000000715b00000)
 PSPermGen       total 21504K, used 6037K [0x0000000706600000, 0x0000000707b00000, 0x000000070b800000)
  object space 21504K, 28% used [0x0000000706600000,0x0000000706be55c0,0x0000000707b00000)

