# JRE version: Java(TM) SE Runtime Environment (7.0_51-b13) (build 1.7.0_51-b13)
# Java VM: Java HotSpot(TM) 64-Bit Server VM (24.51-b03 mixed mode linux-amd64 compressed oops)
Heap
 PSYoungGen      total 188416K, used 10208K [0x00000006d5500000, 0x00000006ef300000, 0x0000000800000000)
  eden space 178176K, 0% used [0x00000006d5500000,0x00000006d5500000,0x00000006e0300000)
  from space 10240K, 99% used [0x00000006e4b00000,0x00000006e54f8020,0x00000006e5500000)
  to   space 122880K, 0% used [0x00000006e7b00000,0x00000006e7b00000,0x00000006ef300000)
 ParOldGen       total 307200K, used 279710K [0x0000000480000000, 0x0000000492c00000, 0x00000006d5500000)
  object space 307200K, 91% used [0x0000000480000000,0x0000000491127ad0,0x0000000492c00000)
 PSPermGen       total 21504K, used 6076K [0x000000047ae00000, 0x000000047c300000, 0x0000000480000000)
  object space 21504K, 28% used [0x000000047ae00000,0x000000047b3ef0b0,0x000000047c300000)
GC Heap History (10 events):
Event: 1.077 GC heap after
Heap after GC invocations=2 (full 0):
 PSYoungGen      total 136192K, used 10224K [0x00000006d5500000, 0x00000006de400000, 0x0000000800000000)
  eden space 125952K, 0% used [0x00000006d5500000,0x00000006d5500000,0x00000006dd000000)
  from space 10240K, 99% used [0x00000006dda00000,0x00000006de3fc050,0x00000006de400000)
  to   space 10240K, 0% used [0x00000006dd000000,0x00000006dd000000,0x00000006dda00000)
 ParOldGen       total 166912K, used 52549K [0x0000000480000000, 0x000000048a300000, 0x00000006d5500000)
  object space 166912K, 31% used [0x0000000480000000,0x00000004833515a0,0x000000048a300000)
 PSPermGen       total 21504K, used 6078K [0x000000047ae00000, 0x000000047c300000, 0x0000000480000000)
  object space 21504K, 28% used [0x000000047ae00000,0x000000047b3ef930,0x000000047c300000)
}
Event: 1.887 GC heap before
{Heap before GC invocations=3 (full 0):
 PSYoungGen      total 136192K, used 136176K [0x00000006d5500000, 0x00000006de400000, 0x0000000800000000)
  eden space 125952K, 100% used [0x00000006d5500000,0x00000006dd000000,0x00000006dd000000)
  from space 10240K, 99% used [0x00000006dda00000,0x00000006de3fc050,0x00000006de400000)
  to   space 10240K, 0% used [0x00000006dd000000,0x00000006dd000000,0x00000006dda00000)
 ParOldGen       total 166912K, used 52549K [0x0000000480000000, 0x000000048a300000, 0x00000006d5500000)
  object space 166912K, 31% used [0x0000000480000000,0x00000004833515a0,0x000000048a300000)
 PSPermGen       total 21504K, used 6078K [0x000000047ae00000, 0x000000047c300000, 0x0000000480000000)
  object space 21504K, 28% used [0x000000047ae00000,0x000000047b3ef930,0x000000047c300000)
Event: 1.961 GC heap after
Heap after GC invocations=3 (full 0):
 PSYoungGen      total 136192K, used 10208K [0x00000006d5500000, 0x00000006e5f00000, 0x0000000800000000)
  eden space 125952K, 0% used [0x00000006d5500000,0x00000006d5500000,0x00000006dd000000)
  from space 10240K, 99% used [0x00000006dd000000,0x00000006dd9f8030,0x00000006dda00000)
  to   space 10240K, 0% used [0x00000006e5500000,0x00000006e5500000,0x00000006e5f00000)
 ParOldGen       total 166912K, used 121589K [0x0000000480000000, 0x000000048a300000, 0x00000006d5500000)
  object space 166912K, 72% used [0x0000000480000000,0x00000004876bd7a0,0x000000048a300000)
 PSPermGen       total 21504K, used 6078K [0x000000047ae00000, 0x000000047c300000, 0x0000000480000000)
  object space 21504K, 28% used [0x000000047ae00000,0x000000047b3ef930,0x000000047c300000)
}
Event: 1.961 GC heap before
{Heap before GC invocations=4 (full 1):
 PSYoungGen      total 136192K, used 10208K [0x00000006d5500000, 0x00000006e5f00000, 0x0000000800000000)
  eden space 125952K, 0% used [0x00000006d5500000,0x00000006d5500000,0x00000006dd000000)
  from space 10240K, 99% used [0x00000006dd000000,0x00000006dd9f8030,0x00000006dda00000)
  to   space 10240K, 0% used [0x00000006e5500000,0x00000006e5500000,0x00000006e5f00000)
 ParOldGen       total 166912K, used 121589K [0x0000000480000000, 0x000000048a300000, 0x00000006d5500000)
  object space 166912K, 72% used [0x0000000480000000,0x00000004876bd7a0,0x000000048a300000)
 PSPermGen       total 21504K, used 6078K [0x000000047ae00000, 0x000000047c300000, 0x0000000480000000)
  object space 21504K, 28% used [0x000000047ae00000,0x000000047b3ef930,0x000000047c300000)
Event: 2.724 GC heap after
Heap after GC invocations=4 (full 1):
 PSYoungGen      total 136192K, used 0K [0x00000006d5500000, 0x00000006e5f00000, 0x0000000800000000)
  eden space 125952K, 0% used [0x00000006d5500000,0x00000006d5500000,0x00000006dd000000)
  from space 10240K, 0% used [0x00000006dd000000,0x00000006dd000000,0x00000006dda00000)
  to   space 10240K, 0% used [0x00000006e5500000,0x00000006e5500000,0x00000006e5f00000)
 ParOldGen       total 307200K, used 117566K [0x0000000480000000, 0x0000000492c00000, 0x00000006d5500000)
  object space 307200K, 38% used [0x0000000480000000,0x00000004872cf9e0,0x0000000492c00000)
 PSPermGen       total 21504K, used 6076K [0x000000047ae00000, 0x000000047c300000, 0x0000000480000000)
  object space 21504K, 28% used [0x000000047ae00000,0x000000047b3ef0b0,0x000000047c300000)
}
Event: 3.349 GC heap before
{Heap before GC invocations=5 (full 1):
 PSYoungGen      total 136192K, used 125952K [0x00000006d5500000, 0x00000006e5f00000, 0x0000000800000000)
  eden space 125952K, 100% used [0x00000006d5500000,0x00000006dd000000,0x00000006dd000000)
  from space 10240K, 0% used [0x00000006dd000000,0x00000006dd000000,0x00000006dda00000)
  to   space 10240K, 0% used [0x00000006e5500000,0x00000006e5500000,0x00000006e5f00000)
 ParOldGen       total 307200K, used 117566K [0x0000000480000000, 0x0000000492c00000, 0x00000006d5500000)
  object space 307200K, 38% used [0x0000000480000000,0x00000004872cf9e0,0x0000000492c00000)
 PSPermGen       total 21504K, used 6076K [0x000000047ae00000, 0x000000047c300000, 0x0000000480000000)
  object space 21504K, 28% used [0x000000047ae00000,0x000000047b3ef0b0,0x000000047c300000)
Event: 3.410 GC heap after
Heap after GC invocations=5 (full 1):
 PSYoungGen      total 158208K, used 10208K [0x00000006d5500000, 0x00000006e5f00000, 0x0000000800000000)
  eden space 147968K, 0% used [0x00000006d5500000,0x00000006d5500000,0x00000006de580000)
  from space 10240K, 99% used [0x00000006e5500000,0x00000006e5ef8020,0x00000006e5f00000)
  to   space 10240K, 0% used [0x00000006e4b00000,0x00000006e4b00000,0x00000006e5500000)
 ParOldGen       total 307200K, used 187430K [0x0000000480000000, 0x0000000492c00000, 0x00000006d5500000)
  object space 307200K, 61% used [0x0000000480000000,0x000000048b709a80,0x0000000492c00000)
 PSPermGen       total 21504K, used 6076K [0x000000047ae00000, 0x000000047c300000, 0x0000000480000000)
  object space 21504K, 28% used [0x000000047ae00000,0x000000047b3ef0b0,0x000000047c300000)
}
Event: 4.208 GC heap before
{Heap before GC invocations=6 (full 1):
 PSYoungGen      total 158208K, used 158176K [0x00000006d5500000, 0x00000006e5f00000, 0x0000000800000000)
  eden space 147968K, 100% used [0x00000006d5500000,0x00000006de580000,0x00000006de580000)
  from space 10240K, 99% used [0x00000006e5500000,0x00000006e5ef8020,0x00000006e5f00000)
  to   space 10240K, 0% used [0x00000006e4b00000,0x00000006e4b00000,0x00000006e5500000)
 ParOldGen       total 307200K, used 187430K [0x0000000480000000, 0x0000000492c00000, 0x00000006d5500000)
  object space 307200K, 61% used [0x0000000480000000,0x000000048b709a80,0x0000000492c00000)
 PSPermGen       total 21504K, used 6076K [0x000000047ae00000, 0x000000047c300000, 0x0000000480000000)
  object space 21504K, 28% used [0x000000047ae00000,0x000000047b3ef0b0,0x000000047c300000)
Event: 4.306 GC heap after
Heap after GC invocations=6 (full 1):
 PSYoungGen      total 188416K, used 10208K [0x00000006d5500000, 0x00000006ef300000, 0x0000000800000000)
  eden space 178176K, 0% used [0x00000006d5500000,0x00000006d5500000,0x00000006e0300000)
  from space 10240K, 99% used [0x00000006e4b00000,0x00000006e54f8020,0x00000006e5500000)
  to   space 122880K, 0% used [0x00000006e7b00000,0x00000006e7b00000,0x00000006ef300000)
 ParOldGen       total 307200K, used 279710K [0x0000000480000000, 0x0000000492c00000, 0x00000006d5500000)
  object space 307200K, 91% used [0x0000000480000000,0x0000000491127ad0,0x0000000492c00000)
 PSPermGen       total 21504K, used 6076K [0x000000047ae00000, 0x000000047c300000, 0x0000000480000000)
  object space 21504K, 28% used [0x000000047ae00000,0x000000047b3ef0b0,0x000000047c300000)
}
Event: 4.307 GC heap before
{Heap before GC invocations=7 (full 2):
 PSYoungGen      total 188416K, used 10208K [0x00000006d5500000, 0x00000006ef300000, 0x0000000800000000)
  eden space 178176K, 0% used [0x00000006d5500000,0x00000006d5500000,0x00000006e0300000)
  from space 10240K, 99% used [0x00000006e4b00000,0x00000006e54f8020,0x00000006e5500000)
  to   space 122880K, 0% used [0x00000006e7b00000,0x00000006e7b00000,0x00000006ef300000)
 ParOldGen       total 307200K, used 279710K [0x0000000480000000, 0x0000000492c00000, 0x00000006d5500000)
  object space 307200K, 91% used [0x0000000480000000,0x0000000491127ad0,0x0000000492c00000)
 PSPermGen       total 21504K, used 6076K [0x000000047ae00000, 0x000000047c300000, 0x0000000480000000)
  object space 21504K, 28% used [0x000000047ae00000,0x000000047b3ef0b0,0x000000047c300000)

