# JRE version: Java(TM) SE Runtime Environment (7.0_51-b13) (build 1.7.0_51-b13)
# Java VM: Java HotSpot(TM) 64-Bit Server VM (24.51-b03 mixed mode linux-amd64 compressed oops)
Heap
 PSYoungGen      total 105472K, used 95232K [0x00000006d5500000, 0x00000006de400000, 0x0000000800000000)
  eden space 95232K, 100% used [0x00000006d5500000,0x00000006db200000,0x00000006db200000)
  from space 10240K, 0% used [0x00000006dda00000,0x00000006dda00000,0x00000006de400000)
  to   space 10240K, 100% used [0x00000006dd000000,0x00000006dda00000,0x00000006dda00000)
 ParOldGen       total 489472K, used 281164K [0x0000000480000000, 0x000000049de00000, 0x00000006d5500000)
  object space 489472K, 57% used [0x0000000480000000,0x0000000491293090,0x000000049de00000)
 PSPermGen       total 21504K, used 6147K [0x000000047ae00000, 0x000000047c300000, 0x0000000480000000)
  object space 21504K, 28% used [0x000000047ae00000,0x000000047b400d48,0x000000047c300000)
GC Heap History (10 events):
Event: 15.841 GC heap after
Heap after GC invocations=2 (full 0):
 PSYoungGen      total 73216K, used 10224K [0x00000006d5500000, 0x00000006de400000, 0x0000000800000000)
  eden space 62976K, 0% used [0x00000006d5500000,0x00000006d5500000,0x00000006d9280000)
  from space 10240K, 99% used [0x00000006d9c80000,0x00000006da67c030,0x00000006da680000)
  to   space 10240K, 0% used [0x00000006d9280000,0x00000006d9280000,0x00000006d9c80000)
 ParOldGen       total 166912K, used 59969K [0x0000000480000000, 0x000000048a300000, 0x00000006d5500000)
  object space 166912K, 35% used [0x0000000480000000,0x0000000483a90450,0x000000048a300000)
 PSPermGen       total 21504K, used 6149K [0x000000047ae00000, 0x000000047c300000, 0x0000000480000000)
  object space 21504K, 28% used [0x000000047ae00000,0x000000047b401490,0x000000047c300000)
}
Event: 16.318 GC heap before
{Heap before GC invocations=3 (full 0):
 PSYoungGen      total 73216K, used 73200K [0x00000006d5500000, 0x00000006de400000, 0x0000000800000000)
  eden space 62976K, 100% used [0x00000006d5500000,0x00000006d9280000,0x00000006d9280000)
  from space 10240K, 99% used [0x00000006d9c80000,0x00000006da67c030,0x00000006da680000)
  to   space 10240K, 0% used [0x00000006d9280000,0x00000006d9280000,0x00000006d9c80000)
 ParOldGen       total 166912K, used 59969K [0x0000000480000000, 0x000000048a300000, 0x00000006d5500000)
  object space 166912K, 35% used [0x0000000480000000,0x0000000483a90450,0x000000048a300000)
 PSPermGen       total 21504K, used 6149K [0x000000047ae00000, 0x000000047c300000, 0x0000000480000000)
  object space 21504K, 28% used [0x000000047ae00000,0x000000047b401490,0x000000047c300000)
Event: 16.378 GC heap after
Heap after GC invocations=3 (full 0):
 PSYoungGen      total 73216K, used 10224K [0x00000006d5500000, 0x00000006de400000, 0x0000000800000000)
  eden space 62976K, 0% used [0x00000006d5500000,0x00000006d5500000,0x00000006d9280000)
  from space 10240K, 99% used [0x00000006d9280000,0x00000006d9c7c010,0x00000006d9c80000)
  to   space 10240K, 0% used [0x00000006dda00000,0x00000006dda00000,0x00000006de400000)
 ParOldGen       total 166912K, used 103885K [0x0000000480000000, 0x000000048a300000, 0x00000006d5500000)
  object space 166912K, 62% used [0x0000000480000000,0x0000000486573590,0x000000048a300000)
 PSPermGen       total 21504K, used 6149K [0x000000047ae00000, 0x000000047c300000, 0x0000000480000000)
  object space 21504K, 28% used [0x000000047ae00000,0x000000047b401490,0x000000047c300000)
}
Event: 17.418 GC heap before
{Heap before GC invocations=4 (full 1):
 PSYoungGen      total 73216K, used 73200K [0x00000006d5500000, 0x00000006de400000, 0x0000000800000000)
  eden space 62976K, 100% used [0x00000006d5500000,0x00000006d9280000,0x00000006d9280000)
  from space 10240K, 99% used [0x00000006d9280000,0x00000006d9c7c010,0x00000006d9c80000)
  to   space 10240K, 0% used [0x00000006dda00000,0x00000006dda00000,0x00000006de400000)
 ParOldGen       total 166912K, used 144845K [0x0000000480000000, 0x000000048a300000, 0x00000006d5500000)
  object space 166912K, 86% used [0x0000000480000000,0x0000000488d735a0,0x000000048a300000)
 PSPermGen       total 21504K, used 6149K [0x000000047ae00000, 0x000000047c300000, 0x0000000480000000)
  object space 21504K, 28% used [0x000000047ae00000,0x000000047b401490,0x000000047c300000)
Event: 18.389 GC heap after
Heap after GC invocations=4 (full 1):
 PSYoungGen      total 73216K, used 0K [0x00000006d5500000, 0x00000006de400000, 0x0000000800000000)
  eden space 62976K, 0% used [0x00000006d5500000,0x00000006d5500000,0x00000006d9280000)
  from space 10240K, 0% used [0x00000006d9280000,0x00000006d9280000,0x00000006d9c80000)
  to   space 10240K, 0% used [0x00000006dda00000,0x00000006dda00000,0x00000006de400000)
 ParOldGen       total 287744K, used 143946K [0x0000000480000000, 0x0000000491900000, 0x00000006d5500000)
  object space 287744K, 50% used [0x0000000480000000,0x0000000488c92a20,0x0000000491900000)
 PSPermGen       total 21504K, used 6147K [0x000000047ae00000, 0x000000047c300000, 0x0000000480000000)
  object space 21504K, 28% used [0x000000047ae00000,0x000000047b400c50,0x000000047c300000)
}
Event: 19.063 GC heap before
{Heap before GC invocations=5 (full 1):
 PSYoungGen      total 73216K, used 62976K [0x00000006d5500000, 0x00000006de400000, 0x0000000800000000)
  eden space 62976K, 100% used [0x00000006d5500000,0x00000006d9280000,0x00000006d9280000)
  from space 10240K, 0% used [0x00000006d9280000,0x00000006d9280000,0x00000006d9c80000)
  to   space 10240K, 0% used [0x00000006dda00000,0x00000006dda00000,0x00000006de400000)
 ParOldGen       total 287744K, used 143946K [0x0000000480000000, 0x0000000491900000, 0x00000006d5500000)
  object space 287744K, 50% used [0x0000000480000000,0x0000000488c92a20,0x0000000491900000)
 PSPermGen       total 21504K, used 6147K [0x000000047ae00000, 0x000000047c300000, 0x0000000480000000)
  object space 21504K, 28% used [0x000000047ae00000,0x000000047b400d48,0x000000047c300000)
Event: 19.181 GC heap after
Heap after GC invocations=5 (full 1):
 PSYoungGen      total 105472K, used 10240K [0x00000006d5500000, 0x00000006de400000, 0x0000000800000000)
  eden space 95232K, 0% used [0x00000006d5500000,0x00000006d5500000,0x00000006db200000)
  from space 10240K, 100% used [0x00000006dda00000,0x00000006de400000,0x00000006de400000)
  to   space 10240K, 0% used [0x00000006dd000000,0x00000006dd000000,0x00000006dda00000)
 ParOldGen       total 287744K, used 170362K [0x0000000480000000, 0x0000000491900000, 0x00000006d5500000)
  object space 287744K, 59% used [0x0000000480000000,0x000000048a65ea20,0x0000000491900000)
 PSPermGen       total 21504K, used 6147K [0x000000047ae00000, 0x000000047c300000, 0x0000000480000000)
  object space 21504K, 28% used [0x000000047ae00000,0x000000047b400d48,0x000000047c300000)
}
Event: 20.471 GC heap before
{Heap before GC invocations=6 (full 2):
 PSYoungGen      total 105472K, used 105472K [0x00000006d5500000, 0x00000006de400000, 0x0000000800000000)
  eden space 95232K, 100% used [0x00000006d5500000,0x00000006db200000,0x00000006db200000)
  from space 10240K, 100% used [0x00000006dda00000,0x00000006de400000,0x00000006de400000)
  to   space 10240K, 0% used [0x00000006dd000000,0x00000006dd000000,0x00000006dda00000)
 ParOldGen       total 287744K, used 252282K [0x0000000480000000, 0x0000000491900000, 0x00000006d5500000)
  object space 287744K, 87% used [0x0000000480000000,0x000000048f65ea30,0x0000000491900000)
 PSPermGen       total 21504K, used 6147K [0x000000047ae00000, 0x000000047c300000, 0x0000000480000000)
  object space 21504K, 28% used [0x000000047ae00000,0x000000047b400d48,0x000000047c300000)
Event: 21.403 GC heap after
Heap after GC invocations=6 (full 2):
 PSYoungGen      total 105472K, used 0K [0x00000006d5500000, 0x00000006de400000, 0x0000000800000000)
  eden space 95232K, 0% used [0x00000006d5500000,0x00000006d5500000,0x00000006db200000)
  from space 10240K, 0% used [0x00000006dda00000,0x00000006dda00000,0x00000006de400000)
  to   space 10240K, 0% used [0x00000006dd000000,0x00000006dd000000,0x00000006dda00000)
 ParOldGen       total 489472K, used 276460K [0x0000000480000000, 0x000000049de00000, 0x00000006d5500000)
  object space 489472K, 56% used [0x0000000480000000,0x0000000490dfb090,0x000000049de00000)
 PSPermGen       total 21504K, used 6147K [0x000000047ae00000, 0x000000047c300000, 0x0000000480000000)
  object space 21504K, 28% used [0x000000047ae00000,0x000000047b400d48,0x000000047c300000)
}
Event: 22.539 GC heap before
{Heap before GC invocations=7 (full 2):
 PSYoungGen      total 105472K, used 95232K [0x00000006d5500000, 0x00000006de400000, 0x0000000800000000)
  eden space 95232K, 100% used [0x00000006d5500000,0x00000006db200000,0x00000006db200000)
  from space 10240K, 0% used [0x00000006dda00000,0x00000006dda00000,0x00000006de400000)
  to   space 10240K, 0% used [0x00000006dd000000,0x00000006dd000000,0x00000006dda00000)
 ParOldGen       total 489472K, used 276460K [0x0000000480000000, 0x000000049de00000, 0x00000006d5500000)
  object space 489472K, 56% used [0x0000000480000000,0x0000000490dfb090,0x000000049de00000)
 PSPermGen       total 21504K, used 6147K [0x000000047ae00000, 0x000000047c300000, 0x0000000480000000)
  object space 21504K, 28% used [0x000000047ae00000,0x000000047b400d48,0x000000047c300000)

