# JRE version: Java(TM) SE Runtime Environment (7.0_51-b13) (build 1.7.0_51-b13)
# Java VM: Java HotSpot(TM) 64-Bit Server VM (24.51-b03 mixed mode linux-amd64 compressed oops)
Heap
 PSYoungGen      total 136192K, used 125952K [0x00000006d5500000, 0x00000006e5f00000, 0x0000000800000000)
  eden space 125952K, 100% used [0x00000006d5500000,0x00000006dd000000,0x00000006dd000000)
  from space 10240K, 0% used [0x00000006dd000000,0x00000006dd000000,0x00000006dda00000)
  to   space 10240K, 100% used [0x00000006e5500000,0x00000006e5f00000,0x00000006e5f00000)
 ParOldGen       total 297984K, used 154550K [0x0000000480000000, 0x0000000492300000, 0x00000006d5500000)
  object space 297984K, 51% used [0x0000000480000000,0x00000004896edb88,0x0000000492300000)
 PSPermGen       total 21504K, used 6080K [0x000000047ae00000, 0x000000047c300000, 0x0000000480000000)
  object space 21504K, 28% used [0x000000047ae00000,0x000000047b3f0088,0x000000047c300000)
GC Heap History (9 events):
Event: 0.764 GC heap before
{Heap before GC invocations=1 (full 0):
 PSYoungGen      total 73216K, used 56858K [0x00000006d5500000, 0x00000006da680000, 0x0000000800000000)
  eden space 62976K, 90% used [0x00000006d5500000,0x00000006d8c86a40,0x00000006d9280000)
  from space 10240K, 0% used [0x00000006d9c80000,0x00000006d9c80000,0x00000006da680000)
  to   space 10240K, 0% used [0x00000006d9280000,0x00000006d9280000,0x00000006d9c80000)
 ParOldGen       total 166912K, used 0K [0x0000000480000000, 0x000000048a300000, 0x00000006d5500000)
  object space 166912K, 0% used [0x0000000480000000,0x0000000480000000,0x000000048a300000)
 PSPermGen       total 21504K, used 6048K [0x000000047ae00000, 0x000000047c300000, 0x0000000480000000)
  object space 21504K, 28% used [0x000000047ae00000,0x000000047b3e81b8,0x000000047c300000)
Event: 0.788 GC heap after
Heap after GC invocations=1 (full 0):
 PSYoungGen      total 73216K, used 10224K [0x00000006d5500000, 0x00000006de400000, 0x0000000800000000)
  eden space 62976K, 0% used [0x00000006d5500000,0x00000006d5500000,0x00000006d9280000)
  from space 10240K, 99% used [0x00000006d9280000,0x00000006d9c7c020,0x00000006d9c80000)
  to   space 10240K, 0% used [0x00000006dda00000,0x00000006dda00000,0x00000006de400000)
 ParOldGen       total 166912K, used 18777K [0x0000000480000000, 0x000000048a300000, 0x00000006d5500000)
  object space 166912K, 11% used [0x0000000480000000,0x0000000481256410,0x000000048a300000)
 PSPermGen       total 21504K, used 6048K [0x000000047ae00000, 0x000000047c300000, 0x0000000480000000)
  object space 21504K, 28% used [0x000000047ae00000,0x000000047b3e81b8,0x000000047c300000)
}
Event: 1.272 GC heap before
{Heap before GC invocations=2 (full 0):
 PSYoungGen      total 73216K, used 65029K [0x00000006d5500000, 0x00000006de400000, 0x0000000800000000)
  eden space 62976K, 87% used [0x00000006d5500000,0x00000006d8a855b8,0x00000006d9280000)
  from space 10240K, 99% used [0x00000006d9280000,0x00000006d9c7c020,0x00000006d9c80000)
  to   space 10240K, 0% used [0x00000006dda00000,0x00000006dda00000,0x00000006de400000)
 ParOldGen       total 166912K, used 18777K [0x0000000480000000, 0x000000048a300000, 0x00000006d5500000)
  object space 166912K, 11% used [0x0000000480000000,0x0000000481256410,0x000000048a300000)
 PSPermGen       total 21504K, used 6082K [0x000000047ae00000, 0x000000047c300000, 0x0000000480000000)
  object space 21504K, 28% used [0x000000047ae00000,0x000000047b3f0810,0x000000047c300000)
Event: 1.305 GC heap after
Heap after GC invocations=2 (full 0):
 PSYoungGen      total 136192K, used 10208K [0x00000006d5500000, 0x00000006de400000, 0x0000000800000000)
  eden space 125952K, 0% used [0x00000006d5500000,0x00000006d5500000,0x00000006dd000000)
  from space 10240K, 99% used [0x00000006dda00000,0x00000006de3f8020,0x00000006de400000)
  to   space 10240K, 0% used [0x00000006dd000000,0x00000006dd000000,0x00000006dda00000)
 ParOldGen       total 166912K, used 56929K [0x0000000480000000, 0x000000048a300000, 0x00000006d5500000)
  object space 166912K, 34% used [0x0000000480000000,0x0000000483798430,0x000000048a300000)
 PSPermGen       total 21504K, used 6082K [0x000000047ae00000, 0x000000047c300000, 0x0000000480000000)
  object space 21504K, 28% used [0x000000047ae00000,0x000000047b3f0810,0x000000047c300000)
}
Event: 2.472 GC heap before
{Heap before GC invocations=3 (full 0):
 PSYoungGen      total 136192K, used 106102K [0x00000006d5500000, 0x00000006de400000, 0x0000000800000000)
  eden space 125952K, 76% used [0x00000006d5500000,0x00000006db2a5a08,0x00000006dd000000)
  from space 10240K, 99% used [0x00000006dda00000,0x00000006de3f8020,0x00000006de400000)
  to   space 10240K, 0% used [0x00000006dd000000,0x00000006dd000000,0x00000006dda00000)
 ParOldGen       total 166912K, used 56929K [0x0000000480000000, 0x000000048a300000, 0x00000006d5500000)
  object space 166912K, 34% used [0x0000000480000000,0x0000000483798430,0x000000048a300000)
 PSPermGen       total 21504K, used 6082K [0x000000047ae00000, 0x000000047c300000, 0x0000000480000000)
  object space 21504K, 28% used [0x000000047ae00000,0x000000047b3f0810,0x000000047c300000)
Event: 2.543 GC heap after
Heap after GC invocations=3 (full 0):
 PSYoungGen      total 136192K, used 10240K [0x00000006d5500000, 0x00000006e5f00000, 0x0000000800000000)
  eden space 125952K, 0% used [0x00000006d5500000,0x00000006d5500000,0x00000006dd000000)
  from space 10240K, 100% used [0x00000006dd000000,0x00000006dda00000,0x00000006dda00000)
  to   space 10240K, 0% used [0x00000006e5500000,0x00000006e5500000,0x00000006e5f00000)
 ParOldGen       total 166912K, used 120181K [0x0000000480000000, 0x000000048a300000, 0x00000006d5500000)
  object space 166912K, 72% used [0x0000000480000000,0x000000048755d590,0x000000048a300000)
 PSPermGen       total 21504K, used 6082K [0x000000047ae00000, 0x000000047c300000, 0x0000000480000000)
  object space 21504K, 28% used [0x000000047ae00000,0x000000047b3f0810,0x000000047c300000)
}
Event: 2.543 GC heap before
{Heap before GC invocations=4 (full 1):
 PSYoungGen      total 136192K, used 10240K [0x00000006d5500000, 0x00000006e5f00000, 0x0000000800000000)
  eden space 125952K, 0% used [0x00000006d5500000,0x00000006d5500000,0x00000006dd000000)
  from space 10240K, 100% used [0x00000006dd000000,0x00000006dda00000,0x00000006dda00000)
  to   space 10240K, 0% used [0x00000006e5500000,0x00000006e5500000,0x00000006e5f00000)
 ParOldGen       total 166912K, used 120181K [0x0000000480000000, 0x000000048a300000, 0x00000006d5500000)
  object space 166912K, 72% used [0x0000000480000000,0x000000048755d590,0x000000048a300000)
 PSPermGen       total 21504K, used 6082K [0x000000047ae00000, 0x000000047c300000, 0x0000000480000000)
  object space 21504K, 28% used [0x000000047ae00000,0x000000047b3f0810,0x000000047c300000)
Event: 3.370 GC heap after
Heap after GC invocations=4 (full 1):
 PSYoungGen      total 136192K, used 0K [0x00000006d5500000, 0x00000006e5f00000, 0x0000000800000000)
  eden space 125952K, 0% used [0x00000006d5500000,0x00000006d5500000,0x00000006dd000000)
  from space 10240K, 0% used [0x00000006dd000000,0x00000006dd000000,0x00000006dda00000)
  to   space 10240K, 0% used [0x00000006e5500000,0x00000006e5500000,0x00000006e5f00000)
 ParOldGen       total 297984K, used 109478K [0x0000000480000000, 0x0000000492300000, 0x00000006d5500000)
  object space 297984K, 36% used [0x0000000480000000,0x0000000486ae9b78,0x0000000492300000)
 PSPermGen       total 21504K, used 6079K [0x000000047ae00000, 0x000000047c300000, 0x0000000480000000)
  object space 21504K, 28% used [0x000000047ae00000,0x000000047b3eff90,0x000000047c300000)
}
Event: 4.292 GC heap before
{Heap before GC invocations=5 (full 1):
 PSYoungGen      total 136192K, used 125952K [0x00000006d5500000, 0x00000006e5f00000, 0x0000000800000000)
  eden space 125952K, 100% used [0x00000006d5500000,0x00000006dd000000,0x00000006dd000000)
  from space 10240K, 0% used [0x00000006dd000000,0x00000006dd000000,0x00000006dda00000)
  to   space 10240K, 0% used [0x00000006e5500000,0x00000006e5500000,0x00000006e5f00000)
 ParOldGen       total 297984K, used 109478K [0x0000000480000000, 0x0000000492300000, 0x00000006d5500000)
  object space 297984K, 36% used [0x0000000480000000,0x0000000486ae9b78,0x0000000492300000)
 PSPermGen       total 21504K, used 6080K [0x000000047ae00000, 0x000000047c300000, 0x0000000480000000)
  object space 21504K, 28% used [0x000000047ae00000,0x000000047b3f0088,0x000000047c300000)

