# JRE version: Java(TM) SE Runtime Environment (7.0_51-b13) (build 1.7.0_51-b13)
# Java VM: Java HotSpot(TM) 64-Bit Server VM (24.51-b03 mixed mode linux-amd64 compressed oops)
Heap
 PSYoungGen      total 193024K, used 10208K [0x00000006d5500000, 0x00000006f0480000, 0x0000000800000000)
  eden space 182784K, 0% used [0x00000006d5500000,0x00000006d5500000,0x00000006e0780000)
  from space 10240K, 99% used [0x00000006e4b00000,0x00000006e54f8030,0x00000006e5500000)
  to   space 129536K, 0% used [0x00000006e8600000,0x00000006e8600000,0x00000006f0480000)
 ParOldGen       total 314880K, used 283618K [0x0000000480000000, 0x0000000493380000, 0x00000006d5500000)
  object space 314880K, 90% used [0x0000000480000000,0x00000004914f8b58,0x0000000493380000)
 PSPermGen       total 21504K, used 6076K [0x000000047ae00000, 0x000000047c300000, 0x0000000480000000)
  object space 21504K, 28% used [0x000000047ae00000,0x000000047b3ef0b0,0x000000047c300000)
GC Heap History (10 events):
Event: 1.114 GC heap after
Heap after GC invocations=2 (full 0):
 PSYoungGen      total 136192K, used 10224K [0x00000006d5500000, 0x00000006de400000, 0x0000000800000000)
  eden space 125952K, 0% used [0x00000006d5500000,0x00000006d5500000,0x00000006dd000000)
  from space 10240K, 99% used [0x00000006dda00000,0x00000006de3fc060,0x00000006de400000)
  to   space 10240K, 0% used [0x00000006dd000000,0x00000006dd000000,0x00000006dda00000)
 ParOldGen       total 166912K, used 51101K [0x0000000480000000, 0x000000048a300000, 0x00000006d5500000)
  object space 166912K, 30% used [0x0000000480000000,0x00000004831e7580,0x000000048a300000)
 PSPermGen       total 21504K, used 6078K [0x000000047ae00000, 0x000000047c300000, 0x0000000480000000)
  object space 21504K, 28% used [0x000000047ae00000,0x000000047b3ef970,0x000000047c300000)
}
Event: 1.806 GC heap before
{Heap before GC invocations=3 (full 0):
 PSYoungGen      total 136192K, used 134461K [0x00000006d5500000, 0x00000006de400000, 0x0000000800000000)
  eden space 125952K, 98% used [0x00000006d5500000,0x00000006dce53460,0x00000006dd000000)
  from space 10240K, 99% used [0x00000006dda00000,0x00000006de3fc060,0x00000006de400000)
  to   space 10240K, 0% used [0x00000006dd000000,0x00000006dd000000,0x00000006dda00000)
 ParOldGen       total 166912K, used 51101K [0x0000000480000000, 0x000000048a300000, 0x00000006d5500000)
  object space 166912K, 30% used [0x0000000480000000,0x00000004831e7580,0x000000048a300000)
 PSPermGen       total 21504K, used 6078K [0x000000047ae00000, 0x000000047c300000, 0x0000000480000000)
  object space 21504K, 28% used [0x000000047ae00000,0x000000047b3ef970,0x000000047c300000)
Event: 1.877 GC heap after
Heap after GC invocations=3 (full 0):
 PSYoungGen      total 136192K, used 10208K [0x00000006d5500000, 0x00000006e5f00000, 0x0000000800000000)
  eden space 125952K, 0% used [0x00000006d5500000,0x00000006d5500000,0x00000006dd000000)
  from space 10240K, 99% used [0x00000006dd000000,0x00000006dd9f8010,0x00000006dda00000)
  to   space 10240K, 0% used [0x00000006e5500000,0x00000006e5500000,0x00000006e5f00000)
 ParOldGen       total 166912K, used 129925K [0x0000000480000000, 0x000000048a300000, 0x00000006d5500000)
  object space 166912K, 77% used [0x0000000480000000,0x0000000487ee17b0,0x000000048a300000)
 PSPermGen       total 21504K, used 6078K [0x000000047ae00000, 0x000000047c300000, 0x0000000480000000)
  object space 21504K, 28% used [0x000000047ae00000,0x000000047b3ef970,0x000000047c300000)
}
Event: 1.877 GC heap before
{Heap before GC invocations=4 (full 1):
 PSYoungGen      total 136192K, used 10208K [0x00000006d5500000, 0x00000006e5f00000, 0x0000000800000000)
  eden space 125952K, 0% used [0x00000006d5500000,0x00000006d5500000,0x00000006dd000000)
  from space 10240K, 99% used [0x00000006dd000000,0x00000006dd9f8010,0x00000006dda00000)
  to   space 10240K, 0% used [0x00000006e5500000,0x00000006e5500000,0x00000006e5f00000)
 ParOldGen       total 166912K, used 129925K [0x0000000480000000, 0x000000048a300000, 0x00000006d5500000)
  object space 166912K, 77% used [0x0000000480000000,0x0000000487ee17b0,0x000000048a300000)
 PSPermGen       total 21504K, used 6078K [0x000000047ae00000, 0x000000047c300000, 0x0000000480000000)
  object space 21504K, 28% used [0x000000047ae00000,0x000000047b3ef970,0x000000047c300000)
Event: 2.518 GC heap after
Heap after GC invocations=4 (full 1):
 PSYoungGen      total 136192K, used 0K [0x00000006d5500000, 0x00000006e5f00000, 0x0000000800000000)
  eden space 125952K, 0% used [0x00000006d5500000,0x00000006d5500000,0x00000006dd000000)
  from space 10240K, 0% used [0x00000006dd000000,0x00000006dd000000,0x00000006dda00000)
  to   space 10240K, 0% used [0x00000006e5500000,0x00000006e5500000,0x00000006e5f00000)
 ParOldGen       total 314880K, used 116330K [0x0000000480000000, 0x0000000493380000, 0x00000006d5500000)
  object space 314880K, 36% used [0x0000000480000000,0x000000048719aa68,0x0000000493380000)
 PSPermGen       total 21504K, used 6076K [0x000000047ae00000, 0x000000047c300000, 0x0000000480000000)
  object space 21504K, 28% used [0x000000047ae00000,0x000000047b3ef0b0,0x000000047c300000)
}
Event: 3.100 GC heap before
{Heap before GC invocations=5 (full 1):
 PSYoungGen      total 136192K, used 125952K [0x00000006d5500000, 0x00000006e5f00000, 0x0000000800000000)
  eden space 125952K, 100% used [0x00000006d5500000,0x00000006dd000000,0x00000006dd000000)
  from space 10240K, 0% used [0x00000006dd000000,0x00000006dd000000,0x00000006dda00000)
  to   space 10240K, 0% used [0x00000006e5500000,0x00000006e5500000,0x00000006e5f00000)
 ParOldGen       total 314880K, used 116330K [0x0000000480000000, 0x0000000493380000, 0x00000006d5500000)
  object space 314880K, 36% used [0x0000000480000000,0x000000048719aa68,0x0000000493380000)
 PSPermGen       total 21504K, used 6076K [0x000000047ae00000, 0x000000047c300000, 0x0000000480000000)
  object space 21504K, 28% used [0x000000047ae00000,0x000000047b3ef0b0,0x000000047c300000)
Event: 3.154 GC heap after
Heap after GC invocations=5 (full 1):
 PSYoungGen      total 160256K, used 10208K [0x00000006d5500000, 0x00000006e5f00000, 0x0000000800000000)
  eden space 150016K, 0% used [0x00000006d5500000,0x00000006d5500000,0x00000006de780000)
  from space 10240K, 99% used [0x00000006e5500000,0x00000006e5ef8020,0x00000006e5f00000)
  to   space 10240K, 0% used [0x00000006e4b00000,0x00000006e4b00000,0x00000006e5500000)
 ParOldGen       total 314880K, used 187202K [0x0000000480000000, 0x0000000493380000, 0x00000006d5500000)
  object space 314880K, 59% used [0x0000000480000000,0x000000048b6d0b08,0x0000000493380000)
 PSPermGen       total 21504K, used 6076K [0x000000047ae00000, 0x000000047c300000, 0x0000000480000000)
  object space 21504K, 28% used [0x000000047ae00000,0x000000047b3ef0b0,0x000000047c300000)
}
Event: 3.883 GC heap before
{Heap before GC invocations=6 (full 1):
 PSYoungGen      total 160256K, used 160224K [0x00000006d5500000, 0x00000006e5f00000, 0x0000000800000000)
  eden space 150016K, 100% used [0x00000006d5500000,0x00000006de780000,0x00000006de780000)
  from space 10240K, 99% used [0x00000006e5500000,0x00000006e5ef8020,0x00000006e5f00000)
  to   space 10240K, 0% used [0x00000006e4b00000,0x00000006e4b00000,0x00000006e5500000)
 ParOldGen       total 314880K, used 187202K [0x0000000480000000, 0x0000000493380000, 0x00000006d5500000)
  object space 314880K, 59% used [0x0000000480000000,0x000000048b6d0b08,0x0000000493380000)
 PSPermGen       total 21504K, used 6076K [0x000000047ae00000, 0x000000047c300000, 0x0000000480000000)
  object space 21504K, 28% used [0x000000047ae00000,0x000000047b3ef0b0,0x000000047c300000)
Event: 3.966 GC heap after
Heap after GC invocations=6 (full 1):
 PSYoungGen      total 193024K, used 10208K [0x00000006d5500000, 0x00000006f0480000, 0x0000000800000000)
  eden space 182784K, 0% used [0x00000006d5500000,0x00000006d5500000,0x00000006e0780000)
  from space 10240K, 99% used [0x00000006e4b00000,0x00000006e54f8030,0x00000006e5500000)
  to   space 129536K, 0% used [0x00000006e8600000,0x00000006e8600000,0x00000006f0480000)
 ParOldGen       total 314880K, used 283618K [0x0000000480000000, 0x0000000493380000, 0x00000006d5500000)
  object space 314880K, 90% used [0x0000000480000000,0x00000004914f8b58,0x0000000493380000)
 PSPermGen       total 21504K, used 6076K [0x000000047ae00000, 0x000000047c300000, 0x0000000480000000)
  object space 21504K, 28% used [0x000000047ae00000,0x000000047b3ef0b0,0x000000047c300000)
}
Event: 3.966 GC heap before
{Heap before GC invocations=7 (full 2):
 PSYoungGen      total 193024K, used 10208K [0x00000006d5500000, 0x00000006f0480000, 0x0000000800000000)
  eden space 182784K, 0% used [0x00000006d5500000,0x00000006d5500000,0x00000006e0780000)
  from space 10240K, 99% used [0x00000006e4b00000,0x00000006e54f8030,0x00000006e5500000)
  to   space 129536K, 0% used [0x00000006e8600000,0x00000006e8600000,0x00000006f0480000)
 ParOldGen       total 314880K, used 283618K [0x0000000480000000, 0x0000000493380000, 0x00000006d5500000)
  object space 314880K, 90% used [0x0000000480000000,0x00000004914f8b58,0x0000000493380000)
 PSPermGen       total 21504K, used 6076K [0x000000047ae00000, 0x000000047c300000, 0x0000000480000000)
  object space 21504K, 28% used [0x000000047ae00000,0x000000047b3ef0b0,0x000000047c300000)

